[debug] [2020-02-28T19:11:24.179Z] ----------------------------------------------------------------------
[debug] [2020-02-28T19:11:24.184Z] Command:       /Users/kanade/.nodebrew/node/v11.14.0/bin/node /Users/kanade/.nodebrew/current/bin/firebase deploy
[debug] [2020-02-28T19:11:24.184Z] CLI Version:   7.12.1
[debug] [2020-02-28T19:11:24.185Z] Platform:      darwin
[debug] [2020-02-28T19:11:24.185Z] Node Version:  v11.14.0
[debug] [2020-02-28T19:11:24.303Z] Time:          Sat Feb 29 2020 04:11:24 GMT+0900 (GMT+09:00)
[debug] [2020-02-28T19:11:24.303Z] ----------------------------------------------------------------------
[debug] [2020-02-28T19:11:24.303Z] 
[debug] [2020-02-28T19:11:24.345Z] > command requires scopes: ["email","openid","https://www.googleapis.com/auth/cloudplatformprojects.readonly","https://www.googleapis.com/auth/firebase","https://www.googleapis.com/auth/cloud-platform"]
[debug] [2020-02-28T19:11:24.346Z] > authorizing via signed-in user
[debug] [2020-02-28T19:11:24.347Z] [iam] checking project kaseijin-no-kitaku for permissions ["firebase.projects.get","firebasehosting.sites.update"]
[debug] [2020-02-28T19:11:24.351Z] > refreshing access token with scopes: ["email","https://www.googleapis.com/auth/cloud-platform","https://www.googleapis.com/auth/cloudplatformprojects.readonly","https://www.googleapis.com/auth/firebase","openid"]
[debug] [2020-02-28T19:11:24.351Z] >>> HTTP REQUEST POST https://www.googleapis.com/oauth2/v3/token  
 <request body omitted>
[debug] [2020-02-28T19:11:25.086Z] <<< HTTP RESPONSE 200
[debug] [2020-02-28T19:11:25.111Z] >>> HTTP REQUEST POST https://cloudresourcemanager.googleapis.com/v1/projects/kaseijin-no-kitaku:testIamPermissions  

[debug] [2020-02-28T19:11:26.029Z] <<< HTTP RESPONSE 200
[debug] [2020-02-28T19:11:26.036Z] >>> HTTP REQUEST GET https://firebase.googleapis.com/v1beta1/projects/kaseijin-no-kitaku  
 
[debug] [2020-02-28T19:11:26.901Z] <<< HTTP RESPONSE 200
[info] 
[info] === Deploying to 'kaseijin-no-kitaku'...
[info] 
[info] i  deploying hosting
[debug] [2020-02-28T19:11:26.909Z] >>> HTTP REQUEST POST https://firebasehosting.googleapis.com/v1beta1/sites/kaseijin-no-kitaku/versions  

[debug] [2020-02-28T19:11:28.321Z] <<< HTTP RESPONSE 200
[info] i  hosting[kaseijin-no-kitaku]: beginning deploy...
[info] i  hosting[kaseijin-no-kitaku]: found 258 files in ./
[debug] [2020-02-28T19:11:28.555Z] [hosting] hash cache [] stored for 258 files
[debug] [2020-02-28T19:11:28.556Z] [hosting][hash queue][FINAL]
[debug] [2020-02-28T19:11:28.556Z] >>> HTTP REQUEST POST https://firebasehosting.googleapis.com/v1beta1/sites/kaseijin-no-kitaku/versions/4f4b32a028493026:populateFiles  
 <request body omitted>
[debug] [2020-02-28T19:11:30.300Z] <<< HTTP RESPONSE 200
[debug] [2020-02-28T19:11:30.303Z] [hosting][populate queue][FINAL]
[debug] [2020-02-28T19:11:30.303Z] [hosting] uploads queued: 1
